2025-04-07 11:37:38,321 - root - INFO - Local logging setup complete
2025-04-07 11:37:38,321 - scrapy.addons - INFO - Enabled addons:
[]
2025-04-07 11:37:38,328 - py.warnings - WARNING - /home/blaxovios/yahoo_finance_news_spider/venv/lib/python3.12/site-packages/scrapy/extensions/feedexport.py:432: ScrapyDeprecationWarning: The `FEED_URI` and `FEED_FORMAT` settings have been deprecated in favor of the `FEEDS` setting. Please see the `FEEDS` setting docs for more details
  exporter = cls(crawler)

2025-04-07 11:37:38,330 - scrapy.extensions.feedexport - ERROR - Unknown feed format: parquet
2025-04-07 11:37:38,331 - scrapy.middleware - INFO - Enabled extensions:
['scrapy.extensions.corestats.CoreStats',
 'scrapy.extensions.memusage.MemoryUsage',
 'scrapy.extensions.logstats.LogStats',
 'scrapy.extensions.throttle.AutoThrottle']
2025-04-07 11:37:38,331 - scrapy.crawler - INFO - Overridden settings:
{'AUTOTHROTTLE_ENABLED': True,
 'AUTOTHROTTLE_TARGET_CONCURRENCY': 10,
 'BOT_NAME': 'yahoo_finance_news_spider',
 'CONCURRENT_REQUESTS': 10,
 'COOKIES_ENABLED': False,
 'DOWNLOAD_DELAY': 1,
 'LOG_ENABLED': False,
 'LOG_LEVEL': 'INFO',
 'NEWSPIDER_MODULE': 'yahoo_finance_news_spider.spiders',
 'RANDOMIZE_DOWNLOAD_DELAY': False,
 'RETRY_HTTP_CODES': [500, 502, 503, 504, 522, 524, 408, 429, 400, 403, 404],
 'RETRY_TIMES': 1,
 'SPIDER_MODULES': ['yahoo_finance_news_spider.spiders'],
 'TELNETCONSOLE_ENABLED': False,
 'TWISTED_REACTOR': 'twisted.internet.asyncioreactor.AsyncioSelectorReactor'}
2025-04-07 11:37:38,500 - scrapy.middleware - INFO - Enabled downloader middlewares:
['scrapy.downloadermiddlewares.offsite.OffsiteMiddleware',
 'scrapy.downloadermiddlewares.httpauth.HttpAuthMiddleware',
 'scrapy.downloadermiddlewares.downloadtimeout.DownloadTimeoutMiddleware',
 'scrapy.downloadermiddlewares.defaultheaders.DefaultHeadersMiddleware',
 'yahoo_finance_news_spider.middlewares.YahooFinanceNewsSpiderDownloaderMiddleware',
 'yahoo_finance_news_spider.middlewares.DuplicateUrlFilterMiddleware',
 'yahoo_finance_news_spider.middlewares.CustomRetryMiddleware',
 'scrapy.downloadermiddlewares.redirect.MetaRefreshMiddleware',
 'scrapy.downloadermiddlewares.httpcompression.HttpCompressionMiddleware',
 'scrapy.downloadermiddlewares.redirect.RedirectMiddleware',
 'scrapy.downloadermiddlewares.httpproxy.HttpProxyMiddleware',
 'scrapy.downloadermiddlewares.stats.DownloaderStats']
2025-04-07 11:37:38,501 - scrapy.middleware - INFO - Enabled spider middlewares:
['scrapy.spidermiddlewares.httperror.HttpErrorMiddleware',
 'yahoo_finance_news_spider.middlewares.YahooFinanceNewsSpiderSpiderMiddleware',
 'scrapy.spidermiddlewares.referer.RefererMiddleware',
 'scrapy.spidermiddlewares.urllength.UrlLengthMiddleware',
 'scrapy.spidermiddlewares.depth.DepthMiddleware']
2025-04-07 11:37:38,501 - scrapy.middleware - INFO - Enabled item pipelines:
['yahoo_finance_news_spider.pipelines.YahooFinanceNewsSpiderPipeline']
2025-04-07 11:37:38,502 - scrapy.core.engine - INFO - Spider opened
2025-04-07 11:37:38,504 - scrapy.extensions.logstats - INFO - Crawled 0 pages (at 0 pages/min), scraped 0 items (at 0 items/min)
2025-04-07 11:37:38,505 - yahoofinance_news - INFO - Spider opened: yahoofinance_news
2025-04-07 11:37:38,891 - yahoofinance_news - INFO - Spider opened: yahoofinance_news
2025-04-07 11:38:38,510 - scrapy.extensions.logstats - INFO - Crawled 37 pages (at 37 pages/min), scraped 24 items (at 24 items/min)
2025-04-07 11:39:38,505 - scrapy.extensions.logstats - INFO - Crawled 89 pages (at 52 pages/min), scraped 42 items (at 18 items/min)
2025-04-07 11:40:38,504 - scrapy.extensions.logstats - INFO - Crawled 144 pages (at 55 pages/min), scraped 51 items (at 9 items/min)
2025-04-07 11:41:38,505 - scrapy.extensions.logstats - INFO - Crawled 200 pages (at 56 pages/min), scraped 52 items (at 1 items/min)
2025-04-07 11:42:38,508 - scrapy.extensions.logstats - INFO - Crawled 252 pages (at 52 pages/min), scraped 53 items (at 1 items/min)
2025-04-07 11:43:38,505 - scrapy.extensions.logstats - INFO - Crawled 296 pages (at 44 pages/min), scraped 53 items (at 0 items/min)
2025-04-07 11:44:38,505 - scrapy.extensions.logstats - INFO - Crawled 356 pages (at 60 pages/min), scraped 54 items (at 1 items/min)
2025-04-07 11:45:38,506 - scrapy.extensions.logstats - INFO - Crawled 415 pages (at 59 pages/min), scraped 54 items (at 0 items/min)
2025-04-07 11:46:38,505 - scrapy.extensions.logstats - INFO - Crawled 469 pages (at 54 pages/min), scraped 54 items (at 0 items/min)
2025-04-07 11:47:38,504 - scrapy.extensions.logstats - INFO - Crawled 529 pages (at 60 pages/min), scraped 54 items (at 0 items/min)
2025-04-07 11:48:38,504 - scrapy.extensions.logstats - INFO - Crawled 583 pages (at 54 pages/min), scraped 54 items (at 0 items/min)
2025-04-07 11:49:38,505 - scrapy.extensions.logstats - INFO - Crawled 641 pages (at 58 pages/min), scraped 54 items (at 0 items/min)
2025-04-07 11:50:38,505 - scrapy.extensions.logstats - INFO - Crawled 696 pages (at 55 pages/min), scraped 54 items (at 0 items/min)
2025-04-07 11:51:38,511 - scrapy.extensions.logstats - INFO - Crawled 755 pages (at 59 pages/min), scraped 54 items (at 0 items/min)
2025-04-07 11:52:38,505 - scrapy.extensions.logstats - INFO - Crawled 807 pages (at 52 pages/min), scraped 54 items (at 0 items/min)
2025-04-07 11:53:38,504 - scrapy.extensions.logstats - INFO - Crawled 862 pages (at 55 pages/min), scraped 54 items (at 0 items/min)
