2025-04-07 12:00:24,609 - root - INFO - Local logging setup complete
2025-04-07 12:00:24,609 - scrapy.addons - INFO - Enabled addons:
[]
2025-04-07 12:00:24,616 - py.warnings - WARNING - /home/blaxovios/yahoo_finance_news_spider/venv/lib/python3.12/site-packages/scrapy/extensions/feedexport.py:432: ScrapyDeprecationWarning: The `FEED_URI` and `FEED_FORMAT` settings have been deprecated in favor of the `FEEDS` setting. Please see the `FEEDS` setting docs for more details
  exporter = cls(crawler)

2025-04-07 12:00:24,617 - scrapy.extensions.feedexport - ERROR - Unknown feed format: parquet
2025-04-07 12:00:24,618 - scrapy.middleware - INFO - Enabled extensions:
['scrapy.extensions.corestats.CoreStats',
 'scrapy.extensions.memusage.MemoryUsage',
 'scrapy.extensions.logstats.LogStats',
 'scrapy.extensions.throttle.AutoThrottle']
2025-04-07 12:00:24,619 - scrapy.crawler - INFO - Overridden settings:
{'AUTOTHROTTLE_ENABLED': True,
 'AUTOTHROTTLE_TARGET_CONCURRENCY': 10,
 'BOT_NAME': 'yahoo_finance_news_spider',
 'CONCURRENT_REQUESTS': 10,
 'COOKIES_ENABLED': False,
 'DOWNLOAD_DELAY': 1,
 'LOG_ENABLED': False,
 'LOG_LEVEL': 'INFO',
 'NEWSPIDER_MODULE': 'yahoo_finance_news_spider.spiders',
 'RANDOMIZE_DOWNLOAD_DELAY': False,
 'RETRY_HTTP_CODES': [500, 502, 503, 504, 522, 524, 408, 429, 400, 403, 404],
 'RETRY_TIMES': 1,
 'SPIDER_MODULES': ['yahoo_finance_news_spider.spiders'],
 'TELNETCONSOLE_ENABLED': False,
 'TWISTED_REACTOR': 'twisted.internet.asyncioreactor.AsyncioSelectorReactor'}
2025-04-07 12:00:24,786 - scrapy.middleware - INFO - Enabled downloader middlewares:
['scrapy.downloadermiddlewares.offsite.OffsiteMiddleware',
 'scrapy.downloadermiddlewares.httpauth.HttpAuthMiddleware',
 'scrapy.downloadermiddlewares.downloadtimeout.DownloadTimeoutMiddleware',
 'scrapy.downloadermiddlewares.defaultheaders.DefaultHeadersMiddleware',
 'yahoo_finance_news_spider.middlewares.YahooFinanceNewsSpiderDownloaderMiddleware',
 'yahoo_finance_news_spider.middlewares.DuplicateUrlFilterMiddleware',
 'yahoo_finance_news_spider.middlewares.CustomRetryMiddleware',
 'scrapy.downloadermiddlewares.redirect.MetaRefreshMiddleware',
 'scrapy.downloadermiddlewares.httpcompression.HttpCompressionMiddleware',
 'scrapy.downloadermiddlewares.redirect.RedirectMiddleware',
 'scrapy.downloadermiddlewares.httpproxy.HttpProxyMiddleware',
 'scrapy.downloadermiddlewares.stats.DownloaderStats']
2025-04-07 12:00:24,787 - scrapy.middleware - INFO - Enabled spider middlewares:
['scrapy.spidermiddlewares.httperror.HttpErrorMiddleware',
 'yahoo_finance_news_spider.middlewares.YahooFinanceNewsSpiderSpiderMiddleware',
 'scrapy.spidermiddlewares.referer.RefererMiddleware',
 'scrapy.spidermiddlewares.urllength.UrlLengthMiddleware',
 'scrapy.spidermiddlewares.depth.DepthMiddleware']
2025-04-07 12:00:24,788 - scrapy.middleware - INFO - Enabled item pipelines:
['yahoo_finance_news_spider.pipelines.YahooFinanceNewsSpiderPipeline']
2025-04-07 12:00:24,788 - scrapy.core.engine - INFO - Spider opened
2025-04-07 12:00:24,791 - scrapy.extensions.logstats - INFO - Crawled 0 pages (at 0 pages/min), scraped 0 items (at 0 items/min)
2025-04-07 12:00:24,792 - yahoofinance_news - INFO - Spider opened: yahoofinance_news
2025-04-07 12:00:24,970 - yahoofinance_news - INFO - Spider opened: yahoofinance_news
2025-04-07 12:01:24,796 - scrapy.extensions.logstats - INFO - Crawled 37 pages (at 37 pages/min), scraped 31 items (at 31 items/min)
2025-04-07 12:02:24,797 - scrapy.extensions.logstats - INFO - Crawled 86 pages (at 49 pages/min), scraped 74 items (at 43 items/min)
2025-04-07 12:03:24,792 - scrapy.extensions.logstats - INFO - Crawled 141 pages (at 55 pages/min), scraped 88 items (at 14 items/min)
2025-04-07 12:04:24,796 - scrapy.extensions.logstats - INFO - Crawled 197 pages (at 56 pages/min), scraped 90 items (at 2 items/min)
2025-04-07 12:05:24,792 - scrapy.extensions.logstats - INFO - Crawled 251 pages (at 54 pages/min), scraped 97 items (at 7 items/min)
2025-04-07 12:06:24,791 - scrapy.extensions.logstats - INFO - Crawled 305 pages (at 54 pages/min), scraped 99 items (at 2 items/min)
2025-04-07 12:07:24,792 - scrapy.extensions.logstats - INFO - Crawled 356 pages (at 51 pages/min), scraped 100 items (at 1 items/min)
2025-04-07 12:08:24,791 - scrapy.extensions.logstats - INFO - Crawled 412 pages (at 56 pages/min), scraped 100 items (at 0 items/min)
2025-04-07 12:09:24,792 - scrapy.extensions.logstats - INFO - Crawled 471 pages (at 59 pages/min), scraped 103 items (at 3 items/min)
2025-04-07 12:10:24,792 - scrapy.extensions.logstats - INFO - Crawled 528 pages (at 57 pages/min), scraped 125 items (at 22 items/min)
2025-04-07 12:11:24,792 - scrapy.extensions.logstats - INFO - Crawled 585 pages (at 57 pages/min), scraped 145 items (at 20 items/min)
2025-04-07 12:12:24,792 - scrapy.extensions.logstats - INFO - Crawled 643 pages (at 58 pages/min), scraped 169 items (at 24 items/min)
2025-04-07 12:13:24,792 - scrapy.extensions.logstats - INFO - Crawled 703 pages (at 60 pages/min), scraped 207 items (at 38 items/min)
2025-04-07 12:14:24,791 - scrapy.extensions.logstats - INFO - Crawled 763 pages (at 60 pages/min), scraped 255 items (at 48 items/min)
2025-04-07 12:15:24,792 - scrapy.extensions.logstats - INFO - Crawled 820 pages (at 57 pages/min), scraped 295 items (at 40 items/min)
2025-04-07 12:16:24,791 - scrapy.extensions.logstats - INFO - Crawled 876 pages (at 56 pages/min), scraped 331 items (at 36 items/min)
2025-04-07 12:17:24,791 - scrapy.extensions.logstats - INFO - Crawled 934 pages (at 58 pages/min), scraped 372 items (at 41 items/min)
2025-04-07 12:18:24,792 - scrapy.extensions.logstats - INFO - Crawled 990 pages (at 56 pages/min), scraped 420 items (at 48 items/min)
2025-04-07 12:19:24,791 - scrapy.extensions.logstats - INFO - Crawled 1044 pages (at 54 pages/min), scraped 466 items (at 46 items/min)
2025-04-07 12:20:24,792 - scrapy.extensions.logstats - INFO - Crawled 1097 pages (at 53 pages/min), scraped 507 items (at 41 items/min)
2025-04-07 12:21:24,798 - scrapy.extensions.logstats - INFO - Crawled 1153 pages (at 56 pages/min), scraped 559 items (at 52 items/min)
2025-04-07 12:22:24,792 - scrapy.extensions.logstats - INFO - Crawled 1202 pages (at 49 pages/min), scraped 607 items (at 48 items/min)
2025-04-07 12:23:24,791 - scrapy.extensions.logstats - INFO - Crawled 1253 pages (at 51 pages/min), scraped 651 items (at 44 items/min)
2025-04-07 12:24:24,791 - scrapy.extensions.logstats - INFO - Crawled 1306 pages (at 53 pages/min), scraped 683 items (at 32 items/min)
2025-04-07 12:25:24,791 - scrapy.extensions.logstats - INFO - Crawled 1357 pages (at 51 pages/min), scraped 712 items (at 29 items/min)
2025-04-07 12:26:24,792 - scrapy.extensions.logstats - INFO - Crawled 1410 pages (at 53 pages/min), scraped 739 items (at 27 items/min)
2025-04-07 12:27:24,792 - scrapy.extensions.logstats - INFO - Crawled 1460 pages (at 50 pages/min), scraped 759 items (at 20 items/min)
2025-04-07 12:28:24,792 - scrapy.extensions.logstats - INFO - Crawled 1518 pages (at 58 pages/min), scraped 791 items (at 32 items/min)
2025-04-07 12:29:24,792 - scrapy.extensions.logstats - INFO - Crawled 1568 pages (at 50 pages/min), scraped 828 items (at 37 items/min)
2025-04-07 12:30:24,793 - scrapy.extensions.logstats - INFO - Crawled 1620 pages (at 52 pages/min), scraped 854 items (at 26 items/min)
2025-04-07 12:31:24,792 - scrapy.extensions.logstats - INFO - Crawled 1675 pages (at 55 pages/min), scraped 885 items (at 31 items/min)
2025-04-07 12:32:12,551 - scrapy.downloadermiddlewares.retry - ERROR - Gave up retrying <GET https://finance.yahoo.com/topic/tech/> (failed 2 times): 404 Not Found
2025-04-07 12:32:24,792 - scrapy.extensions.logstats - INFO - Crawled 1728 pages (at 53 pages/min), scraped 924 items (at 39 items/min)
2025-04-07 12:33:24,792 - scrapy.extensions.logstats - INFO - Crawled 1776 pages (at 48 pages/min), scraped 965 items (at 41 items/min)
2025-04-07 12:34:24,796 - scrapy.extensions.logstats - INFO - Crawled 1828 pages (at 52 pages/min), scraped 996 items (at 31 items/min)
2025-04-07 12:35:24,797 - scrapy.extensions.logstats - INFO - Crawled 1880 pages (at 52 pages/min), scraped 1037 items (at 41 items/min)
2025-04-07 12:36:24,791 - scrapy.extensions.logstats - INFO - Crawled 1924 pages (at 44 pages/min), scraped 1072 items (at 35 items/min)
2025-04-07 12:37:24,878 - scrapy.extensions.logstats - INFO - Crawled 1968 pages (at 44 pages/min), scraped 1105 items (at 33 items/min)
2025-04-07 12:38:24,792 - scrapy.extensions.logstats - INFO - Crawled 2006 pages (at 38 pages/min), scraped 1134 items (at 29 items/min)
2025-04-07 12:39:24,792 - scrapy.extensions.logstats - INFO - Crawled 2061 pages (at 55 pages/min), scraped 1174 items (at 40 items/min)
2025-04-07 12:40:24,792 - scrapy.extensions.logstats - INFO - Crawled 2115 pages (at 54 pages/min), scraped 1221 items (at 47 items/min)
2025-04-07 12:41:24,796 - scrapy.extensions.logstats - INFO - Crawled 2162 pages (at 47 pages/min), scraped 1258 items (at 37 items/min)
2025-04-07 12:42:24,792 - scrapy.extensions.logstats - INFO - Crawled 2217 pages (at 55 pages/min), scraped 1299 items (at 41 items/min)
2025-04-07 12:43:24,792 - scrapy.extensions.logstats - INFO - Crawled 2275 pages (at 58 pages/min), scraped 1345 items (at 46 items/min)
2025-04-07 12:44:24,791 - scrapy.extensions.logstats - INFO - Crawled 2328 pages (at 53 pages/min), scraped 1382 items (at 37 items/min)
2025-04-07 12:45:24,792 - scrapy.extensions.logstats - INFO - Crawled 2387 pages (at 59 pages/min), scraped 1440 items (at 58 items/min)
2025-04-07 12:46:24,792 - scrapy.extensions.logstats - INFO - Crawled 2441 pages (at 54 pages/min), scraped 1487 items (at 47 items/min)
2025-04-07 12:47:24,804 - scrapy.extensions.logstats - INFO - Crawled 2488 pages (at 47 pages/min), scraped 1521 items (at 34 items/min)
2025-04-07 12:48:24,792 - scrapy.extensions.logstats - INFO - Crawled 2537 pages (at 49 pages/min), scraped 1569 items (at 48 items/min)
2025-04-07 12:49:24,792 - scrapy.extensions.logstats - INFO - Crawled 2592 pages (at 55 pages/min), scraped 1622 items (at 53 items/min)
2025-04-07 12:50:24,792 - scrapy.extensions.logstats - INFO - Crawled 2648 pages (at 56 pages/min), scraped 1657 items (at 35 items/min)
2025-04-07 12:51:24,795 - scrapy.extensions.logstats - INFO - Crawled 2697 pages (at 49 pages/min), scraped 1698 items (at 41 items/min)
2025-04-07 12:52:24,791 - scrapy.extensions.logstats - INFO - Crawled 2748 pages (at 51 pages/min), scraped 1744 items (at 46 items/min)
2025-04-07 12:53:24,791 - scrapy.extensions.logstats - INFO - Crawled 2805 pages (at 57 pages/min), scraped 1767 items (at 23 items/min)
2025-04-07 12:54:24,792 - scrapy.extensions.logstats - INFO - Crawled 2856 pages (at 51 pages/min), scraped 1805 items (at 38 items/min)
2025-04-07 12:55:24,794 - scrapy.extensions.logstats - INFO - Crawled 2899 pages (at 43 pages/min), scraped 1825 items (at 20 items/min)
2025-04-07 12:56:24,806 - scrapy.extensions.logstats - INFO - Crawled 2943 pages (at 44 pages/min), scraped 1860 items (at 35 items/min)
2025-04-07 12:57:24,792 - scrapy.extensions.logstats - INFO - Crawled 2983 pages (at 40 pages/min), scraped 1880 items (at 20 items/min)
2025-04-07 12:58:24,792 - scrapy.extensions.logstats - INFO - Crawled 3026 pages (at 43 pages/min), scraped 1886 items (at 6 items/min)
2025-04-07 12:59:24,796 - scrapy.extensions.logstats - INFO - Crawled 3076 pages (at 50 pages/min), scraped 1891 items (at 5 items/min)
2025-04-07 13:00:24,791 - scrapy.extensions.logstats - INFO - Crawled 3128 pages (at 52 pages/min), scraped 1918 items (at 27 items/min)
2025-04-07 13:01:24,792 - scrapy.extensions.logstats - INFO - Crawled 3176 pages (at 48 pages/min), scraped 1935 items (at 17 items/min)
2025-04-07 13:02:24,792 - scrapy.extensions.logstats - INFO - Crawled 3232 pages (at 56 pages/min), scraped 1967 items (at 32 items/min)
2025-04-07 13:03:24,794 - scrapy.extensions.logstats - INFO - Crawled 3288 pages (at 56 pages/min), scraped 1997 items (at 30 items/min)
2025-04-07 13:04:24,792 - scrapy.extensions.logstats - INFO - Crawled 3341 pages (at 53 pages/min), scraped 2019 items (at 22 items/min)
2025-04-07 13:05:24,799 - scrapy.extensions.logstats - INFO - Crawled 3396 pages (at 55 pages/min), scraped 2049 items (at 30 items/min)
2025-04-07 13:06:24,825 - scrapy.extensions.logstats - INFO - Crawled 3446 pages (at 50 pages/min), scraped 2071 items (at 22 items/min)
2025-04-07 13:07:24,794 - scrapy.extensions.logstats - INFO - Crawled 3503 pages (at 57 pages/min), scraped 2086 items (at 15 items/min)
2025-04-07 13:08:24,792 - scrapy.extensions.logstats - INFO - Crawled 3555 pages (at 52 pages/min), scraped 2102 items (at 16 items/min)
2025-04-07 13:09:24,791 - scrapy.extensions.logstats - INFO - Crawled 3609 pages (at 54 pages/min), scraped 2138 items (at 36 items/min)
2025-04-07 13:10:24,800 - scrapy.extensions.logstats - INFO - Crawled 3663 pages (at 54 pages/min), scraped 2161 items (at 23 items/min)
2025-04-07 13:11:24,791 - scrapy.extensions.logstats - INFO - Crawled 3718 pages (at 55 pages/min), scraped 2182 items (at 21 items/min)
2025-04-07 13:12:24,793 - scrapy.extensions.logstats - INFO - Crawled 3775 pages (at 57 pages/min), scraped 2188 items (at 6 items/min)
2025-04-07 13:13:24,792 - scrapy.extensions.logstats - INFO - Crawled 3832 pages (at 57 pages/min), scraped 2195 items (at 7 items/min)
2025-04-07 13:14:24,792 - scrapy.extensions.logstats - INFO - Crawled 3882 pages (at 50 pages/min), scraped 2208 items (at 13 items/min)
2025-04-07 13:15:24,792 - scrapy.extensions.logstats - INFO - Crawled 3937 pages (at 55 pages/min), scraped 2223 items (at 15 items/min)
2025-04-07 13:16:24,819 - scrapy.extensions.logstats - INFO - Crawled 3991 pages (at 54 pages/min), scraped 2226 items (at 3 items/min)
2025-04-07 13:17:24,808 - scrapy.extensions.logstats - INFO - Crawled 4041 pages (at 50 pages/min), scraped 2232 items (at 6 items/min)
2025-04-07 13:18:24,792 - scrapy.extensions.logstats - INFO - Crawled 4093 pages (at 52 pages/min), scraped 2244 items (at 12 items/min)
2025-04-07 13:19:24,791 - scrapy.extensions.logstats - INFO - Crawled 4148 pages (at 55 pages/min), scraped 2262 items (at 18 items/min)
2025-04-07 13:20:24,799 - scrapy.extensions.logstats - INFO - Crawled 4202 pages (at 54 pages/min), scraped 2272 items (at 10 items/min)
2025-04-07 13:21:24,791 - scrapy.extensions.logstats - INFO - Crawled 4254 pages (at 52 pages/min), scraped 2279 items (at 7 items/min)
2025-04-07 13:22:24,792 - scrapy.extensions.logstats - INFO - Crawled 4311 pages (at 57 pages/min), scraped 2286 items (at 7 items/min)
2025-04-07 13:23:24,797 - scrapy.extensions.logstats - INFO - Crawled 4368 pages (at 57 pages/min), scraped 2297 items (at 11 items/min)
2025-04-07 13:24:24,818 - scrapy.extensions.logstats - INFO - Crawled 4423 pages (at 55 pages/min), scraped 2304 items (at 7 items/min)
2025-04-07 13:25:24,791 - scrapy.extensions.logstats - INFO - Crawled 4473 pages (at 50 pages/min), scraped 2306 items (at 2 items/min)
2025-04-07 13:26:24,792 - scrapy.extensions.logstats - INFO - Crawled 4528 pages (at 55 pages/min), scraped 2308 items (at 2 items/min)
2025-04-07 13:27:24,798 - scrapy.extensions.logstats - INFO - Crawled 4576 pages (at 48 pages/min), scraped 2308 items (at 0 items/min)
2025-04-07 13:28:24,792 - scrapy.extensions.logstats - INFO - Crawled 4622 pages (at 46 pages/min), scraped 2311 items (at 3 items/min)
2025-04-07 13:29:24,795 - scrapy.extensions.logstats - INFO - Crawled 4674 pages (at 52 pages/min), scraped 2314 items (at 3 items/min)
2025-04-07 13:30:24,792 - scrapy.extensions.logstats - INFO - Crawled 4721 pages (at 47 pages/min), scraped 2316 items (at 2 items/min)
2025-04-07 13:31:24,792 - scrapy.extensions.logstats - INFO - Crawled 4775 pages (at 54 pages/min), scraped 2322 items (at 6 items/min)
2025-04-07 13:32:24,806 - scrapy.extensions.logstats - INFO - Crawled 4829 pages (at 54 pages/min), scraped 2332 items (at 10 items/min)
2025-04-07 13:33:24,796 - scrapy.extensions.logstats - INFO - Crawled 4876 pages (at 47 pages/min), scraped 2335 items (at 3 items/min)
2025-04-07 13:34:24,792 - scrapy.extensions.logstats - INFO - Crawled 4928 pages (at 52 pages/min), scraped 2336 items (at 1 items/min)
2025-04-07 13:35:24,795 - scrapy.extensions.logstats - INFO - Crawled 4977 pages (at 49 pages/min), scraped 2339 items (at 3 items/min)
2025-04-07 13:36:24,797 - scrapy.extensions.logstats - INFO - Crawled 5030 pages (at 53 pages/min), scraped 2342 items (at 3 items/min)
2025-04-07 13:37:24,792 - scrapy.extensions.logstats - INFO - Crawled 5079 pages (at 49 pages/min), scraped 2351 items (at 9 items/min)
2025-04-07 13:38:24,795 - scrapy.extensions.logstats - INFO - Crawled 5132 pages (at 53 pages/min), scraped 2365 items (at 14 items/min)
2025-04-07 13:39:24,792 - scrapy.extensions.logstats - INFO - Crawled 5180 pages (at 48 pages/min), scraped 2383 items (at 18 items/min)
2025-04-07 13:40:24,791 - scrapy.extensions.logstats - INFO - Crawled 5234 pages (at 54 pages/min), scraped 2384 items (at 1 items/min)
2025-04-07 13:41:24,792 - scrapy.extensions.logstats - INFO - Crawled 5287 pages (at 53 pages/min), scraped 2392 items (at 8 items/min)
2025-04-07 13:42:24,796 - scrapy.extensions.logstats - INFO - Crawled 5340 pages (at 53 pages/min), scraped 2400 items (at 8 items/min)
2025-04-07 13:43:24,794 - scrapy.extensions.logstats - INFO - Crawled 5386 pages (at 46 pages/min), scraped 2403 items (at 3 items/min)
2025-04-07 13:44:24,792 - scrapy.extensions.logstats - INFO - Crawled 5441 pages (at 55 pages/min), scraped 2404 items (at 1 items/min)
2025-04-07 13:45:24,791 - scrapy.extensions.logstats - INFO - Crawled 5489 pages (at 48 pages/min), scraped 2404 items (at 0 items/min)
2025-04-07 13:46:24,791 - scrapy.extensions.logstats - INFO - Crawled 5545 pages (at 56 pages/min), scraped 2419 items (at 15 items/min)
2025-04-07 13:47:24,811 - scrapy.extensions.logstats - INFO - Crawled 5596 pages (at 51 pages/min), scraped 2428 items (at 9 items/min)
2025-04-07 13:48:24,794 - scrapy.extensions.logstats - INFO - Crawled 5642 pages (at 46 pages/min), scraped 2443 items (at 15 items/min)
2025-04-07 13:49:24,792 - scrapy.extensions.logstats - INFO - Crawled 5689 pages (at 47 pages/min), scraped 2452 items (at 9 items/min)
2025-04-07 13:50:24,791 - scrapy.extensions.logstats - INFO - Crawled 5744 pages (at 55 pages/min), scraped 2452 items (at 0 items/min)
2025-04-07 13:51:24,794 - scrapy.extensions.logstats - INFO - Crawled 5800 pages (at 56 pages/min), scraped 2453 items (at 1 items/min)
2025-04-07 13:52:24,792 - scrapy.extensions.logstats - INFO - Crawled 5857 pages (at 57 pages/min), scraped 2454 items (at 1 items/min)
2025-04-07 13:53:24,791 - scrapy.extensions.logstats - INFO - Crawled 5907 pages (at 50 pages/min), scraped 2456 items (at 2 items/min)
2025-04-07 13:54:24,793 - scrapy.extensions.logstats - INFO - Crawled 5952 pages (at 45 pages/min), scraped 2461 items (at 5 items/min)
2025-04-07 13:55:24,791 - scrapy.extensions.logstats - INFO - Crawled 6002 pages (at 50 pages/min), scraped 2464 items (at 3 items/min)
2025-04-07 13:56:24,793 - scrapy.extensions.logstats - INFO - Crawled 6059 pages (at 57 pages/min), scraped 2497 items (at 33 items/min)
2025-04-07 13:57:24,792 - scrapy.extensions.logstats - INFO - Crawled 6111 pages (at 52 pages/min), scraped 2521 items (at 24 items/min)
2025-04-07 13:58:24,798 - scrapy.extensions.logstats - INFO - Crawled 6163 pages (at 52 pages/min), scraped 2559 items (at 38 items/min)
2025-04-07 13:59:24,791 - scrapy.extensions.logstats - INFO - Crawled 6218 pages (at 55 pages/min), scraped 2592 items (at 33 items/min)
2025-04-07 14:00:24,800 - scrapy.extensions.logstats - INFO - Crawled 6273 pages (at 55 pages/min), scraped 2610 items (at 18 items/min)
2025-04-07 14:01:24,791 - scrapy.extensions.logstats - INFO - Crawled 6326 pages (at 53 pages/min), scraped 2625 items (at 15 items/min)
2025-04-07 14:02:24,794 - scrapy.extensions.logstats - INFO - Crawled 6381 pages (at 55 pages/min), scraped 2634 items (at 9 items/min)
2025-04-07 14:03:24,792 - scrapy.extensions.logstats - INFO - Crawled 6434 pages (at 53 pages/min), scraped 2643 items (at 9 items/min)
2025-04-07 14:04:24,799 - scrapy.extensions.logstats - INFO - Crawled 6489 pages (at 55 pages/min), scraped 2657 items (at 14 items/min)
2025-04-07 14:05:24,793 - scrapy.extensions.logstats - INFO - Crawled 6545 pages (at 56 pages/min), scraped 2674 items (at 17 items/min)
2025-04-07 14:06:24,791 - scrapy.extensions.logstats - INFO - Crawled 6595 pages (at 50 pages/min), scraped 2679 items (at 5 items/min)
2025-04-07 14:07:24,791 - scrapy.extensions.logstats - INFO - Crawled 6648 pages (at 53 pages/min), scraped 2697 items (at 18 items/min)
2025-04-07 14:08:24,792 - scrapy.extensions.logstats - INFO - Crawled 6695 pages (at 47 pages/min), scraped 2720 items (at 23 items/min)
2025-04-07 14:09:24,791 - scrapy.extensions.logstats - INFO - Crawled 6748 pages (at 53 pages/min), scraped 2762 items (at 42 items/min)
2025-04-07 14:10:24,792 - scrapy.extensions.logstats - INFO - Crawled 6802 pages (at 54 pages/min), scraped 2785 items (at 23 items/min)
2025-04-07 14:11:24,800 - scrapy.extensions.logstats - INFO - Crawled 6850 pages (at 48 pages/min), scraped 2806 items (at 21 items/min)
2025-04-07 14:12:24,804 - scrapy.extensions.logstats - INFO - Crawled 6900 pages (at 50 pages/min), scraped 2832 items (at 26 items/min)
2025-04-07 14:13:24,796 - scrapy.extensions.logstats - INFO - Crawled 6954 pages (at 54 pages/min), scraped 2865 items (at 33 items/min)
2025-04-07 14:14:24,792 - scrapy.extensions.logstats - INFO - Crawled 7009 pages (at 55 pages/min), scraped 2905 items (at 40 items/min)
2025-04-07 14:15:24,791 - scrapy.extensions.logstats - INFO - Crawled 7061 pages (at 52 pages/min), scraped 2924 items (at 19 items/min)
2025-04-07 14:16:24,791 - scrapy.extensions.logstats - INFO - Crawled 7111 pages (at 50 pages/min), scraped 2956 items (at 32 items/min)
2025-04-07 14:17:24,805 - scrapy.extensions.logstats - INFO - Crawled 7163 pages (at 52 pages/min), scraped 2980 items (at 24 items/min)
2025-04-07 14:18:24,792 - scrapy.extensions.logstats - INFO - Crawled 7207 pages (at 44 pages/min), scraped 3001 items (at 21 items/min)
2025-04-07 14:19:24,793 - scrapy.extensions.logstats - INFO - Crawled 7260 pages (at 53 pages/min), scraped 3003 items (at 2 items/min)
2025-04-07 14:20:24,791 - scrapy.extensions.logstats - INFO - Crawled 7312 pages (at 52 pages/min), scraped 3015 items (at 12 items/min)
2025-04-07 14:21:24,791 - scrapy.extensions.logstats - INFO - Crawled 7362 pages (at 50 pages/min), scraped 3017 items (at 2 items/min)
2025-04-07 14:22:24,791 - scrapy.extensions.logstats - INFO - Crawled 7414 pages (at 52 pages/min), scraped 3027 items (at 10 items/min)
2025-04-07 14:23:24,791 - scrapy.extensions.logstats - INFO - Crawled 7468 pages (at 54 pages/min), scraped 3027 items (at 0 items/min)
2025-04-07 14:24:24,826 - scrapy.extensions.logstats - INFO - Crawled 7522 pages (at 54 pages/min), scraped 3032 items (at 5 items/min)
2025-04-07 14:25:24,791 - scrapy.extensions.logstats - INFO - Crawled 7578 pages (at 56 pages/min), scraped 3038 items (at 6 items/min)
2025-04-07 14:26:24,793 - scrapy.extensions.logstats - INFO - Crawled 7629 pages (at 51 pages/min), scraped 3041 items (at 3 items/min)
2025-04-07 14:27:24,792 - scrapy.extensions.logstats - INFO - Crawled 7685 pages (at 56 pages/min), scraped 3041 items (at 0 items/min)
2025-04-07 14:28:24,791 - scrapy.extensions.logstats - INFO - Crawled 7745 pages (at 60 pages/min), scraped 3046 items (at 5 items/min)
2025-04-07 14:29:24,792 - scrapy.extensions.logstats - INFO - Crawled 7802 pages (at 57 pages/min), scraped 3065 items (at 19 items/min)
2025-04-07 14:30:24,793 - scrapy.extensions.logstats - INFO - Crawled 7858 pages (at 56 pages/min), scraped 3079 items (at 14 items/min)
2025-04-07 14:31:24,791 - scrapy.extensions.logstats - INFO - Crawled 7910 pages (at 52 pages/min), scraped 3088 items (at 9 items/min)
2025-04-07 14:32:24,791 - scrapy.extensions.logstats - INFO - Crawled 7965 pages (at 55 pages/min), scraped 3103 items (at 15 items/min)
2025-04-07 14:33:24,792 - scrapy.extensions.logstats - INFO - Crawled 8022 pages (at 57 pages/min), scraped 3109 items (at 6 items/min)
2025-04-07 14:34:24,799 - scrapy.extensions.logstats - INFO - Crawled 8073 pages (at 51 pages/min), scraped 3111 items (at 2 items/min)
2025-04-07 14:35:24,792 - scrapy.extensions.logstats - INFO - Crawled 8129 pages (at 56 pages/min), scraped 3111 items (at 0 items/min)
2025-04-07 14:36:24,792 - scrapy.extensions.logstats - INFO - Crawled 8170 pages (at 41 pages/min), scraped 3111 items (at 0 items/min)
2025-04-07 14:37:24,792 - scrapy.extensions.logstats - INFO - Crawled 8210 pages (at 40 pages/min), scraped 3111 items (at 0 items/min)
2025-04-07 14:38:24,792 - scrapy.extensions.logstats - INFO - Crawled 8257 pages (at 47 pages/min), scraped 3111 items (at 0 items/min)
2025-04-07 14:39:24,792 - scrapy.extensions.logstats - INFO - Crawled 8310 pages (at 53 pages/min), scraped 3111 items (at 0 items/min)
2025-04-07 14:40:24,793 - scrapy.extensions.logstats - INFO - Crawled 8366 pages (at 56 pages/min), scraped 3112 items (at 1 items/min)
2025-04-07 14:41:24,792 - scrapy.extensions.logstats - INFO - Crawled 8416 pages (at 50 pages/min), scraped 3114 items (at 2 items/min)
2025-04-07 14:42:24,792 - scrapy.extensions.logstats - INFO - Crawled 8472 pages (at 56 pages/min), scraped 3114 items (at 0 items/min)
2025-04-07 14:43:24,792 - scrapy.extensions.logstats - INFO - Crawled 8519 pages (at 47 pages/min), scraped 3114 items (at 0 items/min)
2025-04-07 14:44:24,792 - scrapy.extensions.logstats - INFO - Crawled 8566 pages (at 47 pages/min), scraped 3115 items (at 1 items/min)
2025-04-07 14:45:24,792 - scrapy.extensions.logstats - INFO - Crawled 8619 pages (at 53 pages/min), scraped 3119 items (at 4 items/min)
2025-04-07 14:46:24,795 - scrapy.extensions.logstats - INFO - Crawled 8669 pages (at 50 pages/min), scraped 3119 items (at 0 items/min)
2025-04-07 14:47:24,791 - scrapy.extensions.logstats - INFO - Crawled 8726 pages (at 57 pages/min), scraped 3121 items (at 2 items/min)
2025-04-07 14:48:24,795 - scrapy.extensions.logstats - INFO - Crawled 8776 pages (at 50 pages/min), scraped 3121 items (at 0 items/min)
2025-04-07 14:49:24,836 - scrapy.extensions.logstats - INFO - Crawled 8830 pages (at 54 pages/min), scraped 3121 items (at 0 items/min)
2025-04-07 14:50:24,814 - scrapy.extensions.logstats - INFO - Crawled 8878 pages (at 48 pages/min), scraped 3121 items (at 0 items/min)
2025-04-07 14:51:24,794 - scrapy.extensions.logstats - INFO - Crawled 8925 pages (at 47 pages/min), scraped 3121 items (at 0 items/min)
2025-04-07 14:52:24,806 - scrapy.extensions.logstats - INFO - Crawled 8973 pages (at 48 pages/min), scraped 3121 items (at 0 items/min)
2025-04-07 14:53:24,802 - scrapy.extensions.logstats - INFO - Crawled 9018 pages (at 45 pages/min), scraped 3123 items (at 2 items/min)
2025-04-07 14:54:24,810 - scrapy.extensions.logstats - INFO - Crawled 9066 pages (at 48 pages/min), scraped 3125 items (at 2 items/min)
2025-04-07 14:55:24,792 - scrapy.extensions.logstats - INFO - Crawled 9118 pages (at 52 pages/min), scraped 3125 items (at 0 items/min)
2025-04-07 14:56:24,792 - scrapy.extensions.logstats - INFO - Crawled 9171 pages (at 53 pages/min), scraped 3125 items (at 0 items/min)
2025-04-07 14:57:24,792 - scrapy.extensions.logstats - INFO - Crawled 9225 pages (at 54 pages/min), scraped 3125 items (at 0 items/min)
2025-04-07 14:58:24,840 - scrapy.extensions.logstats - INFO - Crawled 9277 pages (at 52 pages/min), scraped 3127 items (at 2 items/min)
2025-04-07 14:59:24,799 - scrapy.extensions.logstats - INFO - Crawled 9329 pages (at 52 pages/min), scraped 3129 items (at 2 items/min)
2025-04-07 15:00:24,794 - scrapy.extensions.logstats - INFO - Crawled 9363 pages (at 34 pages/min), scraped 3130 items (at 1 items/min)
2025-04-07 15:01:24,792 - scrapy.extensions.logstats - INFO - Crawled 9405 pages (at 42 pages/min), scraped 3131 items (at 1 items/min)
2025-04-07 15:02:24,807 - scrapy.extensions.logstats - INFO - Crawled 9452 pages (at 47 pages/min), scraped 3132 items (at 1 items/min)
2025-04-07 15:03:24,791 - scrapy.extensions.logstats - INFO - Crawled 9505 pages (at 53 pages/min), scraped 3134 items (at 2 items/min)
2025-04-07 15:04:24,793 - scrapy.extensions.logstats - INFO - Crawled 9559 pages (at 54 pages/min), scraped 3140 items (at 6 items/min)
2025-04-07 15:05:24,792 - scrapy.extensions.logstats - INFO - Crawled 9615 pages (at 56 pages/min), scraped 3146 items (at 6 items/min)
2025-04-07 15:06:24,795 - scrapy.extensions.logstats - INFO - Crawled 9666 pages (at 51 pages/min), scraped 3148 items (at 2 items/min)
2025-04-07 15:07:24,791 - scrapy.extensions.logstats - INFO - Crawled 9717 pages (at 51 pages/min), scraped 3149 items (at 1 items/min)
2025-04-07 15:08:24,792 - scrapy.extensions.logstats - INFO - Crawled 9767 pages (at 50 pages/min), scraped 3149 items (at 0 items/min)
2025-04-07 15:09:24,804 - scrapy.extensions.logstats - INFO - Crawled 9817 pages (at 50 pages/min), scraped 3153 items (at 4 items/min)
2025-04-07 15:10:24,792 - scrapy.extensions.logstats - INFO - Crawled 9872 pages (at 55 pages/min), scraped 3155 items (at 2 items/min)
2025-04-07 15:11:24,792 - scrapy.extensions.logstats - INFO - Crawled 9921 pages (at 49 pages/min), scraped 3155 items (at 0 items/min)
2025-04-07 15:12:24,809 - scrapy.extensions.logstats - INFO - Crawled 9967 pages (at 46 pages/min), scraped 3155 items (at 0 items/min)
2025-04-07 15:13:24,792 - scrapy.extensions.logstats - INFO - Crawled 10013 pages (at 46 pages/min), scraped 3158 items (at 3 items/min)
2025-04-07 15:14:24,791 - scrapy.extensions.logstats - INFO - Crawled 10066 pages (at 53 pages/min), scraped 3168 items (at 10 items/min)
2025-04-07 15:15:24,792 - scrapy.extensions.logstats - INFO - Crawled 10119 pages (at 53 pages/min), scraped 3169 items (at 1 items/min)
2025-04-07 15:16:24,792 - scrapy.extensions.logstats - INFO - Crawled 10176 pages (at 57 pages/min), scraped 3169 items (at 0 items/min)
2025-04-07 15:17:24,792 - scrapy.extensions.logstats - INFO - Crawled 10233 pages (at 57 pages/min), scraped 3169 items (at 0 items/min)
2025-04-07 15:18:24,792 - scrapy.extensions.logstats - INFO - Crawled 10282 pages (at 49 pages/min), scraped 3171 items (at 2 items/min)
2025-04-07 15:19:24,791 - scrapy.extensions.logstats - INFO - Crawled 10329 pages (at 47 pages/min), scraped 3171 items (at 0 items/min)
2025-04-07 15:20:24,810 - scrapy.extensions.logstats - INFO - Crawled 10382 pages (at 53 pages/min), scraped 3171 items (at 0 items/min)
2025-04-07 15:20:41,924 - scrapy.core.downloader.handlers.http11 - WARNING - Got data loss in https://finance.yahoo.com/news/u-grocery-retailer-albertsons-eyes-230155328.html. If you want to process broken responses set the setting DOWNLOAD_FAIL_ON_DATALOSS = False -- This message won't be shown in further requests
2025-04-07 15:21:24,838 - scrapy.extensions.logstats - INFO - Crawled 10432 pages (at 50 pages/min), scraped 3171 items (at 0 items/min)
2025-04-07 15:22:24,794 - scrapy.extensions.logstats - INFO - Crawled 10485 pages (at 53 pages/min), scraped 3179 items (at 8 items/min)
2025-04-07 15:23:24,792 - scrapy.extensions.logstats - INFO - Crawled 10542 pages (at 57 pages/min), scraped 3182 items (at 3 items/min)
2025-04-07 15:24:24,797 - scrapy.extensions.logstats - INFO - Crawled 10590 pages (at 48 pages/min), scraped 3182 items (at 0 items/min)
2025-04-07 15:25:24,794 - scrapy.extensions.logstats - INFO - Crawled 10644 pages (at 54 pages/min), scraped 3182 items (at 0 items/min)
2025-04-07 15:26:24,792 - scrapy.extensions.logstats - INFO - Crawled 10694 pages (at 50 pages/min), scraped 3182 items (at 0 items/min)
2025-04-07 15:27:24,792 - scrapy.extensions.logstats - INFO - Crawled 10745 pages (at 51 pages/min), scraped 3182 items (at 0 items/min)
2025-04-07 15:28:24,792 - scrapy.extensions.logstats - INFO - Crawled 10800 pages (at 55 pages/min), scraped 3184 items (at 2 items/min)
2025-04-07 15:29:24,793 - scrapy.extensions.logstats - INFO - Crawled 10858 pages (at 58 pages/min), scraped 3189 items (at 5 items/min)
2025-04-07 15:30:24,810 - scrapy.extensions.logstats - INFO - Crawled 10916 pages (at 58 pages/min), scraped 3194 items (at 5 items/min)
2025-04-07 15:31:24,792 - scrapy.extensions.logstats - INFO - Crawled 10972 pages (at 56 pages/min), scraped 3197 items (at 3 items/min)
2025-04-07 15:32:24,791 - scrapy.extensions.logstats - INFO - Crawled 11026 pages (at 54 pages/min), scraped 3198 items (at 1 items/min)
2025-04-07 15:33:24,792 - scrapy.extensions.logstats - INFO - Crawled 11082 pages (at 56 pages/min), scraped 3198 items (at 0 items/min)
2025-04-07 15:34:24,791 - scrapy.extensions.logstats - INFO - Crawled 11137 pages (at 55 pages/min), scraped 3199 items (at 1 items/min)
2025-04-07 15:35:24,794 - scrapy.extensions.logstats - INFO - Crawled 11194 pages (at 57 pages/min), scraped 3199 items (at 0 items/min)
2025-04-07 15:36:24,814 - scrapy.extensions.logstats - INFO - Crawled 11252 pages (at 58 pages/min), scraped 3202 items (at 3 items/min)
2025-04-07 15:37:24,792 - scrapy.extensions.logstats - INFO - Crawled 11303 pages (at 51 pages/min), scraped 3202 items (at 0 items/min)
2025-04-07 15:38:24,796 - scrapy.extensions.logstats - INFO - Crawled 11358 pages (at 55 pages/min), scraped 3205 items (at 3 items/min)
2025-04-07 15:39:24,792 - scrapy.extensions.logstats - INFO - Crawled 11405 pages (at 47 pages/min), scraped 3205 items (at 0 items/min)
2025-04-07 15:40:24,801 - scrapy.extensions.logstats - INFO - Crawled 11448 pages (at 43 pages/min), scraped 3205 items (at 0 items/min)
2025-04-07 15:41:24,792 - scrapy.extensions.logstats - INFO - Crawled 11501 pages (at 53 pages/min), scraped 3205 items (at 0 items/min)
2025-04-07 15:42:24,792 - scrapy.extensions.logstats - INFO - Crawled 11556 pages (at 55 pages/min), scraped 3205 items (at 0 items/min)
2025-04-07 15:43:24,792 - scrapy.extensions.logstats - INFO - Crawled 11608 pages (at 52 pages/min), scraped 3205 items (at 0 items/min)
2025-04-07 15:44:24,792 - scrapy.extensions.logstats - INFO - Crawled 11658 pages (at 50 pages/min), scraped 3205 items (at 0 items/min)
2025-04-07 15:45:24,792 - scrapy.extensions.logstats - INFO - Crawled 11715 pages (at 57 pages/min), scraped 3209 items (at 4 items/min)
2025-04-07 15:46:24,800 - scrapy.extensions.logstats - INFO - Crawled 11773 pages (at 58 pages/min), scraped 3209 items (at 0 items/min)
2025-04-07 15:47:24,799 - scrapy.extensions.logstats - INFO - Crawled 11828 pages (at 55 pages/min), scraped 3209 items (at 0 items/min)
2025-04-07 15:48:24,805 - scrapy.extensions.logstats - INFO - Crawled 11882 pages (at 54 pages/min), scraped 3210 items (at 1 items/min)
2025-04-07 15:49:24,792 - scrapy.extensions.logstats - INFO - Crawled 11939 pages (at 57 pages/min), scraped 3210 items (at 0 items/min)
2025-04-07 15:50:24,799 - scrapy.extensions.logstats - INFO - Crawled 11994 pages (at 55 pages/min), scraped 3210 items (at 0 items/min)
2025-04-07 15:51:24,793 - scrapy.extensions.logstats - INFO - Crawled 12051 pages (at 57 pages/min), scraped 3212 items (at 2 items/min)
2025-04-07 15:52:24,798 - scrapy.extensions.logstats - INFO - Crawled 12107 pages (at 56 pages/min), scraped 3214 items (at 2 items/min)
2025-04-07 15:53:24,791 - scrapy.extensions.logstats - INFO - Crawled 12165 pages (at 58 pages/min), scraped 3219 items (at 5 items/min)
2025-04-07 15:54:24,792 - scrapy.extensions.logstats - INFO - Crawled 12217 pages (at 52 pages/min), scraped 3219 items (at 0 items/min)
2025-04-07 15:55:24,794 - scrapy.extensions.logstats - INFO - Crawled 12267 pages (at 50 pages/min), scraped 3220 items (at 1 items/min)
2025-04-07 15:56:24,792 - scrapy.extensions.logstats - INFO - Crawled 12322 pages (at 55 pages/min), scraped 3225 items (at 5 items/min)
2025-04-07 15:57:24,820 - scrapy.extensions.logstats - INFO - Crawled 12372 pages (at 50 pages/min), scraped 3233 items (at 8 items/min)
2025-04-07 15:58:24,792 - scrapy.extensions.logstats - INFO - Crawled 12431 pages (at 59 pages/min), scraped 3237 items (at 4 items/min)
2025-04-07 15:59:24,800 - scrapy.extensions.logstats - INFO - Crawled 12480 pages (at 49 pages/min), scraped 3238 items (at 1 items/min)
2025-04-07 16:00:24,792 - scrapy.extensions.logstats - INFO - Crawled 12527 pages (at 47 pages/min), scraped 3238 items (at 0 items/min)
2025-04-07 16:01:24,791 - scrapy.extensions.logstats - INFO - Crawled 12582 pages (at 55 pages/min), scraped 3239 items (at 1 items/min)
2025-04-07 16:02:24,792 - scrapy.extensions.logstats - INFO - Crawled 12635 pages (at 53 pages/min), scraped 3239 items (at 0 items/min)
2025-04-07 16:03:24,793 - scrapy.extensions.logstats - INFO - Crawled 12689 pages (at 54 pages/min), scraped 3240 items (at 1 items/min)
2025-04-07 16:04:24,792 - scrapy.extensions.logstats - INFO - Crawled 12745 pages (at 56 pages/min), scraped 3240 items (at 0 items/min)
2025-04-07 16:05:24,792 - scrapy.extensions.logstats - INFO - Crawled 12800 pages (at 55 pages/min), scraped 3242 items (at 2 items/min)
2025-04-07 16:06:24,791 - scrapy.extensions.logstats - INFO - Crawled 12854 pages (at 54 pages/min), scraped 3246 items (at 4 items/min)
2025-04-07 16:07:24,792 - scrapy.extensions.logstats - INFO - Crawled 12911 pages (at 57 pages/min), scraped 3246 items (at 0 items/min)
2025-04-07 16:08:24,793 - scrapy.extensions.logstats - INFO - Crawled 12964 pages (at 53 pages/min), scraped 3246 items (at 0 items/min)
2025-04-07 16:09:24,813 - scrapy.extensions.logstats - INFO - Crawled 13016 pages (at 52 pages/min), scraped 3246 items (at 0 items/min)
2025-04-07 16:10:24,792 - scrapy.extensions.logstats - INFO - Crawled 13075 pages (at 59 pages/min), scraped 3246 items (at 0 items/min)
2025-04-07 16:11:24,794 - scrapy.extensions.logstats - INFO - Crawled 13126 pages (at 51 pages/min), scraped 3246 items (at 0 items/min)
2025-04-07 16:12:24,793 - scrapy.extensions.logstats - INFO - Crawled 13181 pages (at 55 pages/min), scraped 3246 items (at 0 items/min)
2025-04-07 16:13:24,816 - scrapy.extensions.logstats - INFO - Crawled 13239 pages (at 58 pages/min), scraped 3246 items (at 0 items/min)
2025-04-07 16:14:24,792 - scrapy.extensions.logstats - INFO - Crawled 13287 pages (at 48 pages/min), scraped 3246 items (at 0 items/min)
2025-04-07 16:15:24,798 - scrapy.extensions.logstats - INFO - Crawled 13342 pages (at 55 pages/min), scraped 3250 items (at 4 items/min)
2025-04-07 16:16:24,792 - scrapy.extensions.logstats - INFO - Crawled 13399 pages (at 57 pages/min), scraped 3251 items (at 1 items/min)
2025-04-07 16:17:24,798 - scrapy.extensions.logstats - INFO - Crawled 13454 pages (at 55 pages/min), scraped 3252 items (at 1 items/min)
2025-04-07 16:18:24,792 - scrapy.extensions.logstats - INFO - Crawled 13506 pages (at 52 pages/min), scraped 3252 items (at 0 items/min)
2025-04-07 16:19:24,792 - scrapy.extensions.logstats - INFO - Crawled 13563 pages (at 57 pages/min), scraped 3252 items (at 0 items/min)
2025-04-07 16:20:24,804 - scrapy.extensions.logstats - INFO - Crawled 13619 pages (at 56 pages/min), scraped 3254 items (at 2 items/min)
2025-04-07 16:21:24,792 - scrapy.extensions.logstats - INFO - Crawled 13674 pages (at 55 pages/min), scraped 3260 items (at 6 items/min)
2025-04-07 16:22:24,796 - scrapy.extensions.logstats - INFO - Crawled 13730 pages (at 56 pages/min), scraped 3261 items (at 1 items/min)
2025-04-07 16:23:24,934 - scrapy.extensions.logstats - INFO - Crawled 13784 pages (at 54 pages/min), scraped 3261 items (at 0 items/min)
2025-04-07 16:24:24,847 - scrapy.extensions.logstats - INFO - Crawled 13838 pages (at 54 pages/min), scraped 3261 items (at 0 items/min)
2025-04-07 16:25:24,792 - scrapy.extensions.logstats - INFO - Crawled 13887 pages (at 49 pages/min), scraped 3261 items (at 0 items/min)
2025-04-07 16:26:24,792 - scrapy.extensions.logstats - INFO - Crawled 13942 pages (at 55 pages/min), scraped 3263 items (at 2 items/min)
2025-04-07 16:27:24,792 - scrapy.extensions.logstats - INFO - Crawled 13998 pages (at 56 pages/min), scraped 3263 items (at 0 items/min)
2025-04-07 16:28:24,793 - scrapy.extensions.logstats - INFO - Crawled 14046 pages (at 48 pages/min), scraped 3267 items (at 4 items/min)
2025-04-07 16:29:24,809 - scrapy.extensions.logstats - INFO - Crawled 14099 pages (at 53 pages/min), scraped 3270 items (at 3 items/min)
2025-04-07 16:29:44,617 - scrapy.crawler - INFO - Received SIGINT, shutting down gracefully. Send again to force 
2025-04-07 16:29:44,617 - scrapy.core.engine - INFO - Closing spider (shutdown)
2025-04-07 16:29:55,025 - py.warnings - WARNING - /home/blaxovios/yahoo_finance_news_spider/venv/lib/python3.12/site-packages/twisted/internet/defer.py:1113: RuntimeWarning: coroutine 'YahooFinanceNewsSpiderPipeline.close_spider' was never awaited
  resultResult = getattr(currentResult, "result", _NO_RESULT)

2025-04-07 16:29:55,025 - scrapy.statscollectors - INFO - Dumping Scrapy stats:
{'downloader/exception_count': 16,
 'downloader/exception_type_count/twisted.internet.error.TimeoutError': 5,
 'downloader/exception_type_count/twisted.web._newclient.ResponseFailed': 11,
 'downloader/request_bytes': 4583706,
 'downloader/request_count': 15986,
 'downloader/request_method_count/GET': 15986,
 'downloader/response_bytes': 4346484527,
 'downloader/response_count': 15970,
 'downloader/response_status_count/200': 14127,
 'downloader/response_status_count/301': 514,
 'downloader/response_status_count/404': 1329,
 'dupefilter/filtered': 49786,
 'elapsed_time_seconds': 16170.228986,
 'finish_reason': 'shutdown',
 'finish_time': datetime.datetime(2025, 4, 7, 13, 29, 55, 20327, tzinfo=datetime.timezone.utc),
 'httpcompression/response_bytes': 22730892764,
 'httpcompression/response_count': 14127,
 'item_scraped_count': 3275,
 'items_per_minute': None,
 'log_count/ERROR': 2,
 'log_count/INFO': 280,
 'log_count/WARNING': 3,
 'memusage/max': 548458496,
 'memusage/startup': 273391616,
 'offsite/domains': 10,
 'offsite/filtered': 412,
 'request_depth_max': 136,
 'response_received_count': 14127,
 'responses_per_minute': None,
 'retry/count': 1328,
 'retry/max_reached': 1,
 'retry/reason_count/404 Not Found': 1328,
 'scheduler/dequeued': 15986,
 'scheduler/dequeued/memory': 15986,
 'scheduler/enqueued': 18326,
 'scheduler/enqueued/memory': 18326,
 'start_time': datetime.datetime(2025, 4, 7, 9, 0, 24, 791341, tzinfo=datetime.timezone.utc)}
2025-04-07 16:29:55,025 - scrapy.core.engine - INFO - Spider closed (shutdown)
