2025-04-07 16:33:17,664 - root - INFO - Local logging setup complete
2025-04-07 16:33:17,664 - scrapy.addons - INFO - Enabled addons:
[]
2025-04-07 16:33:17,674 - py.warnings - WARNING - /home/blaxovios/yahoo_finance_news_spider/venv/lib/python3.12/site-packages/scrapy/extensions/feedexport.py:432: ScrapyDeprecationWarning: The `FEED_URI` and `FEED_FORMAT` settings have been deprecated in favor of the `FEEDS` setting. Please see the `FEEDS` setting docs for more details
  exporter = cls(crawler)

2025-04-07 16:33:17,677 - scrapy.extensions.feedexport - ERROR - Unknown feed format: parquet
2025-04-07 16:33:17,679 - scrapy.middleware - INFO - Enabled extensions:
['scrapy.extensions.corestats.CoreStats',
 'scrapy.extensions.memusage.MemoryUsage',
 'scrapy.extensions.logstats.LogStats',
 'scrapy.extensions.throttle.AutoThrottle']
2025-04-07 16:33:17,679 - scrapy.crawler - INFO - Overridden settings:
{'AUTOTHROTTLE_ENABLED': True,
 'AUTOTHROTTLE_TARGET_CONCURRENCY': 10,
 'BOT_NAME': 'yahoo_finance_news_spider',
 'CONCURRENT_REQUESTS': 10,
 'COOKIES_ENABLED': False,
 'DOWNLOAD_DELAY': 1,
 'LOG_ENABLED': False,
 'LOG_LEVEL': 'INFO',
 'NEWSPIDER_MODULE': 'yahoo_finance_news_spider.spiders',
 'RANDOMIZE_DOWNLOAD_DELAY': False,
 'RETRY_HTTP_CODES': [500, 502, 503, 504, 522, 524, 408, 429, 400, 403, 404],
 'RETRY_TIMES': 1,
 'SPIDER_MODULES': ['yahoo_finance_news_spider.spiders'],
 'TELNETCONSOLE_ENABLED': False,
 'TWISTED_REACTOR': 'twisted.internet.asyncioreactor.AsyncioSelectorReactor'}
2025-04-07 16:33:17,855 - scrapy.middleware - INFO - Enabled downloader middlewares:
['scrapy.downloadermiddlewares.offsite.OffsiteMiddleware',
 'scrapy.downloadermiddlewares.httpauth.HttpAuthMiddleware',
 'scrapy.downloadermiddlewares.downloadtimeout.DownloadTimeoutMiddleware',
 'scrapy.downloadermiddlewares.defaultheaders.DefaultHeadersMiddleware',
 'yahoo_finance_news_spider.middlewares.YahooFinanceNewsSpiderDownloaderMiddleware',
 'yahoo_finance_news_spider.middlewares.DuplicateUrlFilterMiddleware',
 'yahoo_finance_news_spider.middlewares.CustomRetryMiddleware',
 'scrapy.downloadermiddlewares.redirect.MetaRefreshMiddleware',
 'scrapy.downloadermiddlewares.httpcompression.HttpCompressionMiddleware',
 'scrapy.downloadermiddlewares.redirect.RedirectMiddleware',
 'scrapy.downloadermiddlewares.httpproxy.HttpProxyMiddleware',
 'scrapy.downloadermiddlewares.stats.DownloaderStats']
2025-04-07 16:33:17,857 - scrapy.middleware - INFO - Enabled spider middlewares:
['scrapy.spidermiddlewares.httperror.HttpErrorMiddleware',
 'yahoo_finance_news_spider.middlewares.YahooFinanceNewsSpiderSpiderMiddleware',
 'scrapy.spidermiddlewares.referer.RefererMiddleware',
 'scrapy.spidermiddlewares.urllength.UrlLengthMiddleware',
 'scrapy.spidermiddlewares.depth.DepthMiddleware']
2025-04-07 16:33:17,858 - scrapy.middleware - INFO - Enabled item pipelines:
['yahoo_finance_news_spider.pipelines.YahooFinanceNewsSpiderPipeline']
2025-04-07 16:33:17,858 - scrapy.core.engine - INFO - Spider opened
2025-04-07 16:33:17,863 - scrapy.extensions.logstats - INFO - Crawled 0 pages (at 0 pages/min), scraped 0 items (at 0 items/min)
2025-04-07 16:33:17,864 - yahoofinance_news - INFO - Spider opened: yahoofinance_news
2025-04-07 16:33:18,074 - yahoofinance_news - INFO - Spider opened: yahoofinance_news
2025-04-07 16:34:17,864 - scrapy.extensions.logstats - INFO - Crawled 33 pages (at 33 pages/min), scraped 29 items (at 29 items/min)
2025-04-07 16:35:17,864 - scrapy.extensions.logstats - INFO - Crawled 82 pages (at 49 pages/min), scraped 67 items (at 38 items/min)
2025-04-07 16:36:17,864 - scrapy.extensions.logstats - INFO - Crawled 139 pages (at 57 pages/min), scraped 75 items (at 8 items/min)
2025-04-07 16:37:17,946 - scrapy.extensions.logstats - INFO - Crawled 194 pages (at 55 pages/min), scraped 81 items (at 6 items/min)
2025-04-07 16:38:17,864 - scrapy.extensions.logstats - INFO - Crawled 246 pages (at 52 pages/min), scraped 86 items (at 5 items/min)
2025-04-07 16:39:17,879 - scrapy.extensions.logstats - INFO - Crawled 296 pages (at 50 pages/min), scraped 87 items (at 1 items/min)
2025-04-07 16:40:17,864 - scrapy.extensions.logstats - INFO - Crawled 353 pages (at 57 pages/min), scraped 88 items (at 1 items/min)
2025-04-07 16:41:17,865 - scrapy.extensions.logstats - INFO - Crawled 410 pages (at 57 pages/min), scraped 90 items (at 2 items/min)
2025-04-07 16:42:17,864 - scrapy.extensions.logstats - INFO - Crawled 469 pages (at 59 pages/min), scraped 90 items (at 0 items/min)
2025-04-07 16:42:23,217 - scrapy.crawler - INFO - Received SIGINT, shutting down gracefully. Send again to force 
2025-04-07 16:42:23,217 - scrapy.core.engine - INFO - Closing spider (shutdown)
2025-04-07 16:42:36,701 - py.warnings - WARNING - /home/blaxovios/yahoo_finance_news_spider/venv/lib/python3.12/site-packages/twisted/internet/defer.py:1113: RuntimeWarning: coroutine 'YahooFinanceNewsSpiderPipeline.close_spider' was never awaited
  resultResult = getattr(currentResult, "result", _NO_RESULT)

2025-04-07 16:42:36,701 - scrapy.statscollectors - INFO - Dumping Scrapy stats:
{'downloader/exception_count': 7,
 'downloader/exception_type_count/twisted.web._newclient.ResponseFailed': 7,
 'downloader/request_bytes': 168299,
 'downloader/request_count': 536,
 'downloader/request_method_count/GET': 536,
 'downloader/response_bytes': 149441017,
 'downloader/response_count': 529,
 'downloader/response_status_count/200': 483,
 'downloader/response_status_count/301': 30,
 'downloader/response_status_count/404': 16,
 'dupefilter/filtered': 1079,
 'elapsed_time_seconds': 558.836811,
 'finish_reason': 'shutdown',
 'finish_time': datetime.datetime(2025, 4, 7, 13, 42, 36, 700517, tzinfo=datetime.timezone.utc),
 'httpcompression/response_bytes': 780347261,
 'httpcompression/response_count': 483,
 'item_scraped_count': 90,
 'items_per_minute': None,
 'log_count/ERROR': 1,
 'log_count/INFO': 20,
 'log_count/WARNING': 2,
 'memusage/max': 454672384,
 'memusage/startup': 275505152,
 'offsite/domains': 2,
 'offsite/filtered': 2,
 'request_depth_max': 47,
 'response_received_count': 483,
 'responses_per_minute': None,
 'retry/count': 16,
 'retry/reason_count/404 Not Found': 16,
 'scheduler/dequeued': 536,
 'scheduler/dequeued/memory': 536,
 'scheduler/enqueued': 1227,
 'scheduler/enqueued/memory': 1227,
 'start_time': datetime.datetime(2025, 4, 7, 13, 33, 17, 863706, tzinfo=datetime.timezone.utc)}
2025-04-07 16:42:36,701 - scrapy.core.engine - INFO - Spider closed (shutdown)
