2025-04-07 16:43:36,499 - root - INFO - Local logging setup complete
2025-04-07 16:43:36,499 - scrapy.addons - INFO - Enabled addons:
[]
2025-04-07 16:43:36,510 - py.warnings - WARNING - /home/blaxovios/yahoo_finance_news_spider/venv/lib/python3.12/site-packages/scrapy/extensions/feedexport.py:432: ScrapyDeprecationWarning: The `FEED_URI` and `FEED_FORMAT` settings have been deprecated in favor of the `FEEDS` setting. Please see the `FEEDS` setting docs for more details
  exporter = cls(crawler)

2025-04-07 16:43:36,513 - scrapy.extensions.feedexport - ERROR - Unknown feed format: parquet
2025-04-07 16:43:36,514 - scrapy.middleware - INFO - Enabled extensions:
['scrapy.extensions.corestats.CoreStats',
 'scrapy.extensions.memusage.MemoryUsage',
 'scrapy.extensions.logstats.LogStats']
2025-04-07 16:43:36,514 - scrapy.crawler - INFO - Overridden settings:
{'AUTOTHROTTLE_TARGET_CONCURRENCY': 10,
 'BOT_NAME': 'yahoo_finance_news_spider',
 'CONCURRENT_REQUESTS': 10,
 'COOKIES_ENABLED': False,
 'DOWNLOAD_DELAY': 1,
 'LOG_ENABLED': False,
 'LOG_LEVEL': 'INFO',
 'NEWSPIDER_MODULE': 'yahoo_finance_news_spider.spiders',
 'RANDOMIZE_DOWNLOAD_DELAY': False,
 'RETRY_HTTP_CODES': [500, 502, 503, 504, 522, 524, 408, 429, 400, 403, 404],
 'RETRY_TIMES': 1,
 'SPIDER_MODULES': ['yahoo_finance_news_spider.spiders'],
 'TELNETCONSOLE_ENABLED': False,
 'TWISTED_REACTOR': 'twisted.internet.asyncioreactor.AsyncioSelectorReactor'}
2025-04-07 16:43:36,689 - scrapy.middleware - INFO - Enabled downloader middlewares:
['scrapy.downloadermiddlewares.offsite.OffsiteMiddleware',
 'scrapy.downloadermiddlewares.httpauth.HttpAuthMiddleware',
 'scrapy.downloadermiddlewares.downloadtimeout.DownloadTimeoutMiddleware',
 'scrapy.downloadermiddlewares.defaultheaders.DefaultHeadersMiddleware',
 'yahoo_finance_news_spider.middlewares.YahooFinanceNewsSpiderDownloaderMiddleware',
 'yahoo_finance_news_spider.middlewares.DuplicateUrlFilterMiddleware',
 'yahoo_finance_news_spider.middlewares.CustomRetryMiddleware',
 'scrapy.downloadermiddlewares.redirect.MetaRefreshMiddleware',
 'scrapy.downloadermiddlewares.httpcompression.HttpCompressionMiddleware',
 'scrapy.downloadermiddlewares.redirect.RedirectMiddleware',
 'scrapy.downloadermiddlewares.httpproxy.HttpProxyMiddleware',
 'scrapy.downloadermiddlewares.stats.DownloaderStats']
2025-04-07 16:43:36,691 - scrapy.middleware - INFO - Enabled spider middlewares:
['scrapy.spidermiddlewares.httperror.HttpErrorMiddleware',
 'yahoo_finance_news_spider.middlewares.YahooFinanceNewsSpiderSpiderMiddleware',
 'scrapy.spidermiddlewares.referer.RefererMiddleware',
 'scrapy.spidermiddlewares.urllength.UrlLengthMiddleware',
 'scrapy.spidermiddlewares.depth.DepthMiddleware']
2025-04-07 16:43:36,692 - scrapy.middleware - INFO - Enabled item pipelines:
['yahoo_finance_news_spider.pipelines.YahooFinanceNewsSpiderPipeline']
2025-04-07 16:43:36,692 - scrapy.core.engine - INFO - Spider opened
2025-04-07 16:43:36,697 - scrapy.extensions.logstats - INFO - Crawled 0 pages (at 0 pages/min), scraped 0 items (at 0 items/min)
2025-04-07 16:43:36,697 - yahoofinance_news - INFO - Spider opened: yahoofinance_news
2025-04-07 16:43:36,904 - yahoofinance_news - INFO - Spider opened: yahoofinance_news
2025-04-07 16:44:36,706 - scrapy.extensions.logstats - INFO - Crawled 45 pages (at 45 pages/min), scraped 41 items (at 41 items/min)
2025-04-07 16:45:36,701 - scrapy.extensions.logstats - INFO - Crawled 94 pages (at 49 pages/min), scraped 89 items (at 48 items/min)
2025-04-07 16:46:36,698 - scrapy.extensions.logstats - INFO - Crawled 144 pages (at 50 pages/min), scraped 107 items (at 18 items/min)
2025-04-07 16:47:36,702 - scrapy.extensions.logstats - INFO - Crawled 199 pages (at 55 pages/min), scraped 113 items (at 6 items/min)
2025-04-07 16:48:36,718 - scrapy.extensions.logstats - INFO - Crawled 248 pages (at 49 pages/min), scraped 126 items (at 13 items/min)
2025-04-07 16:49:36,698 - scrapy.extensions.logstats - INFO - Crawled 303 pages (at 55 pages/min), scraped 128 items (at 2 items/min)
2025-04-07 16:50:36,698 - scrapy.extensions.logstats - INFO - Crawled 360 pages (at 57 pages/min), scraped 134 items (at 6 items/min)
2025-04-07 16:51:36,701 - scrapy.extensions.logstats - INFO - Crawled 421 pages (at 61 pages/min), scraped 148 items (at 14 items/min)
2025-04-07 16:52:36,698 - scrapy.extensions.logstats - INFO - Crawled 476 pages (at 55 pages/min), scraped 167 items (at 19 items/min)
2025-04-07 16:53:36,698 - scrapy.extensions.logstats - INFO - Crawled 536 pages (at 60 pages/min), scraped 208 items (at 41 items/min)
2025-04-07 16:54:36,698 - scrapy.extensions.logstats - INFO - Crawled 588 pages (at 52 pages/min), scraped 247 items (at 39 items/min)
2025-04-07 16:55:36,698 - scrapy.extensions.logstats - INFO - Crawled 647 pages (at 59 pages/min), scraped 276 items (at 29 items/min)
2025-04-07 16:56:36,804 - scrapy.extensions.logstats - INFO - Crawled 706 pages (at 59 pages/min), scraped 303 items (at 27 items/min)
2025-04-07 16:57:36,706 - scrapy.extensions.logstats - INFO - Crawled 760 pages (at 54 pages/min), scraped 336 items (at 33 items/min)
2025-04-07 16:58:36,710 - scrapy.extensions.logstats - INFO - Crawled 818 pages (at 58 pages/min), scraped 387 items (at 51 items/min)
2025-04-07 16:59:36,706 - scrapy.extensions.logstats - INFO - Crawled 872 pages (at 54 pages/min), scraped 418 items (at 31 items/min)
2025-04-07 17:00:36,739 - scrapy.extensions.logstats - INFO - Crawled 928 pages (at 56 pages/min), scraped 468 items (at 50 items/min)
2025-04-07 17:01:36,719 - scrapy.extensions.logstats - INFO - Crawled 981 pages (at 53 pages/min), scraped 516 items (at 48 items/min)
2025-04-07 17:02:36,698 - scrapy.extensions.logstats - INFO - Crawled 1036 pages (at 55 pages/min), scraped 550 items (at 34 items/min)
2025-04-07 17:03:36,752 - scrapy.extensions.logstats - INFO - Crawled 1086 pages (at 50 pages/min), scraped 581 items (at 31 items/min)
2025-04-07 17:03:53,205 - scrapy.downloadermiddlewares.retry - ERROR - Gave up retrying <GET https://finance.yahoo.com/topic/tech/> (failed 2 times): 404 Not Found
2025-04-07 17:04:36,698 - scrapy.extensions.logstats - INFO - Crawled 1129 pages (at 43 pages/min), scraped 618 items (at 37 items/min)
2025-04-07 17:05:36,697 - scrapy.extensions.logstats - INFO - Crawled 1179 pages (at 50 pages/min), scraped 666 items (at 48 items/min)
2025-04-07 17:06:36,698 - scrapy.extensions.logstats - INFO - Crawled 1234 pages (at 55 pages/min), scraped 720 items (at 54 items/min)
2025-04-07 17:07:36,698 - scrapy.extensions.logstats - INFO - Crawled 1292 pages (at 58 pages/min), scraped 774 items (at 54 items/min)
2025-04-07 17:08:36,699 - scrapy.extensions.logstats - INFO - Crawled 1345 pages (at 53 pages/min), scraped 824 items (at 50 items/min)
2025-04-07 17:09:36,717 - scrapy.extensions.logstats - INFO - Crawled 1396 pages (at 51 pages/min), scraped 874 items (at 50 items/min)
2025-04-07 17:10:36,697 - scrapy.extensions.logstats - INFO - Crawled 1447 pages (at 51 pages/min), scraped 922 items (at 48 items/min)
2025-04-07 17:11:36,708 - scrapy.extensions.logstats - INFO - Crawled 1501 pages (at 54 pages/min), scraped 972 items (at 50 items/min)
2025-04-07 17:12:36,697 - scrapy.extensions.logstats - INFO - Crawled 1553 pages (at 52 pages/min), scraped 1019 items (at 47 items/min)
2025-04-07 17:13:36,698 - scrapy.extensions.logstats - INFO - Crawled 1605 pages (at 52 pages/min), scraped 1049 items (at 30 items/min)
2025-04-07 17:14:36,698 - scrapy.extensions.logstats - INFO - Crawled 1660 pages (at 55 pages/min), scraped 1087 items (at 38 items/min)
2025-04-07 17:15:36,697 - scrapy.extensions.logstats - INFO - Crawled 1716 pages (at 56 pages/min), scraped 1097 items (at 10 items/min)
2025-04-07 17:16:36,698 - scrapy.extensions.logstats - INFO - Crawled 1772 pages (at 56 pages/min), scraped 1133 items (at 36 items/min)
2025-04-07 17:17:36,698 - scrapy.extensions.logstats - INFO - Crawled 1826 pages (at 54 pages/min), scraped 1185 items (at 52 items/min)
2025-04-07 17:18:36,698 - scrapy.extensions.logstats - INFO - Crawled 1880 pages (at 54 pages/min), scraped 1227 items (at 42 items/min)
2025-04-07 17:19:36,698 - scrapy.extensions.logstats - INFO - Crawled 1935 pages (at 55 pages/min), scraped 1247 items (at 20 items/min)
2025-04-07 17:20:36,697 - scrapy.extensions.logstats - INFO - Crawled 1985 pages (at 50 pages/min), scraped 1289 items (at 42 items/min)
2025-04-07 17:21:36,697 - scrapy.extensions.logstats - INFO - Crawled 2035 pages (at 50 pages/min), scraped 1334 items (at 45 items/min)
2025-04-07 17:22:36,698 - scrapy.extensions.logstats - INFO - Crawled 2087 pages (at 52 pages/min), scraped 1361 items (at 27 items/min)
2025-04-07 17:23:36,698 - scrapy.extensions.logstats - INFO - Crawled 2138 pages (at 51 pages/min), scraped 1403 items (at 42 items/min)
2025-04-07 17:24:36,698 - scrapy.extensions.logstats - INFO - Crawled 2188 pages (at 50 pages/min), scraped 1416 items (at 13 items/min)
2025-04-07 17:25:36,698 - scrapy.extensions.logstats - INFO - Crawled 2240 pages (at 52 pages/min), scraped 1453 items (at 37 items/min)
2025-04-07 17:26:36,698 - scrapy.extensions.logstats - INFO - Crawled 2284 pages (at 44 pages/min), scraped 1474 items (at 21 items/min)
2025-04-07 17:27:36,697 - scrapy.extensions.logstats - INFO - Crawled 2331 pages (at 47 pages/min), scraped 1484 items (at 10 items/min)
2025-04-07 17:28:36,698 - scrapy.extensions.logstats - INFO - Crawled 2385 pages (at 54 pages/min), scraped 1496 items (at 12 items/min)
2025-04-07 17:29:36,697 - scrapy.extensions.logstats - INFO - Crawled 2431 pages (at 46 pages/min), scraped 1512 items (at 16 items/min)
2025-04-07 17:30:36,697 - scrapy.extensions.logstats - INFO - Crawled 2486 pages (at 55 pages/min), scraped 1560 items (at 48 items/min)
2025-04-07 17:31:36,698 - scrapy.extensions.logstats - INFO - Crawled 2539 pages (at 53 pages/min), scraped 1606 items (at 46 items/min)
2025-04-07 17:32:36,697 - scrapy.extensions.logstats - INFO - Crawled 2584 pages (at 45 pages/min), scraped 1615 items (at 9 items/min)
2025-04-07 17:33:36,697 - scrapy.extensions.logstats - INFO - Crawled 2639 pages (at 55 pages/min), scraped 1651 items (at 36 items/min)
2025-04-07 17:34:36,698 - scrapy.extensions.logstats - INFO - Crawled 2694 pages (at 55 pages/min), scraped 1698 items (at 47 items/min)
2025-04-07 17:35:36,697 - scrapy.extensions.logstats - INFO - Crawled 2750 pages (at 56 pages/min), scraped 1754 items (at 56 items/min)
2025-04-07 17:36:36,698 - scrapy.extensions.logstats - INFO - Crawled 2800 pages (at 50 pages/min), scraped 1789 items (at 35 items/min)
2025-04-07 17:37:36,697 - scrapy.extensions.logstats - INFO - Crawled 2859 pages (at 59 pages/min), scraped 1828 items (at 39 items/min)
2025-04-07 17:38:36,698 - scrapy.extensions.logstats - INFO - Crawled 2918 pages (at 59 pages/min), scraped 1867 items (at 39 items/min)
2025-04-07 17:39:36,697 - scrapy.extensions.logstats - INFO - Crawled 2970 pages (at 52 pages/min), scraped 1916 items (at 49 items/min)
2025-04-07 17:40:36,698 - scrapy.extensions.logstats - INFO - Crawled 3024 pages (at 54 pages/min), scraped 1967 items (at 51 items/min)
2025-04-07 17:41:36,697 - scrapy.extensions.logstats - INFO - Crawled 3074 pages (at 50 pages/min), scraped 2002 items (at 35 items/min)
2025-04-07 17:42:36,698 - scrapy.extensions.logstats - INFO - Crawled 3134 pages (at 60 pages/min), scraped 2017 items (at 15 items/min)
2025-04-07 17:43:36,697 - scrapy.extensions.logstats - INFO - Crawled 3184 pages (at 50 pages/min), scraped 2063 items (at 46 items/min)
2025-04-07 17:44:36,697 - scrapy.extensions.logstats - INFO - Crawled 3243 pages (at 59 pages/min), scraped 2120 items (at 57 items/min)
2025-04-07 17:45:36,698 - scrapy.extensions.logstats - INFO - Crawled 3299 pages (at 56 pages/min), scraped 2173 items (at 53 items/min)
2025-04-07 17:46:36,698 - scrapy.extensions.logstats - INFO - Crawled 3351 pages (at 52 pages/min), scraped 2209 items (at 36 items/min)
2025-04-07 17:47:36,697 - scrapy.extensions.logstats - INFO - Crawled 3404 pages (at 53 pages/min), scraped 2248 items (at 39 items/min)
2025-04-07 17:48:36,698 - scrapy.extensions.logstats - INFO - Crawled 3448 pages (at 44 pages/min), scraped 2279 items (at 31 items/min)
2025-04-07 17:49:36,697 - scrapy.extensions.logstats - INFO - Crawled 3499 pages (at 51 pages/min), scraped 2318 items (at 39 items/min)
2025-04-07 17:50:36,697 - scrapy.extensions.logstats - INFO - Crawled 3552 pages (at 53 pages/min), scraped 2348 items (at 30 items/min)
2025-04-07 17:51:36,698 - scrapy.extensions.logstats - INFO - Crawled 3605 pages (at 53 pages/min), scraped 2401 items (at 53 items/min)
2025-04-07 17:52:36,697 - scrapy.extensions.logstats - INFO - Crawled 3652 pages (at 47 pages/min), scraped 2430 items (at 29 items/min)
2025-04-07 17:53:36,698 - scrapy.extensions.logstats - INFO - Crawled 3703 pages (at 51 pages/min), scraped 2463 items (at 33 items/min)
2025-04-07 17:54:36,698 - scrapy.extensions.logstats - INFO - Crawled 3755 pages (at 52 pages/min), scraped 2470 items (at 7 items/min)
2025-04-07 17:55:36,698 - scrapy.extensions.logstats - INFO - Crawled 3804 pages (at 49 pages/min), scraped 2488 items (at 18 items/min)
2025-04-07 17:56:36,700 - scrapy.extensions.logstats - INFO - Crawled 3854 pages (at 50 pages/min), scraped 2513 items (at 25 items/min)
2025-04-07 17:57:36,698 - scrapy.extensions.logstats - INFO - Crawled 3911 pages (at 57 pages/min), scraped 2555 items (at 42 items/min)
2025-04-07 17:57:56,211 - scrapy.crawler - INFO - Received SIGINT, shutting down gracefully. Send again to force 
2025-04-07 17:57:56,211 - scrapy.core.engine - INFO - Closing spider (shutdown)
2025-04-07 17:58:05,583 - py.warnings - WARNING - /home/blaxovios/yahoo_finance_news_spider/venv/lib/python3.12/site-packages/twisted/internet/defer.py:1113: RuntimeWarning: coroutine 'YahooFinanceNewsSpiderPipeline.close_spider' was never awaited
  resultResult = getattr(currentResult, "result", _NO_RESULT)

2025-04-07 17:58:05,583 - scrapy.statscollectors - INFO - Dumping Scrapy stats:
{'downloader/exception_count': 12,
 'downloader/exception_type_count/twisted.web._newclient.ResponseFailed': 12,
 'downloader/request_bytes': 1242477,
 'downloader/request_count': 4439,
 'downloader/request_method_count/GET': 4439,
 'downloader/response_bytes': 1210050457,
 'downloader/response_count': 4427,
 'downloader/response_status_count/200': 3939,
 'downloader/response_status_count/301': 182,
 'downloader/response_status_count/404': 306,
 'dupefilter/filtered': 14925,
 'elapsed_time_seconds': 4468.885216,
 'finish_reason': 'shutdown',
 'finish_time': datetime.datetime(2025, 4, 7, 14, 58, 5, 582595, tzinfo=datetime.timezone.utc),
 'httpcompression/response_bytes': 6337409889,
 'httpcompression/response_count': 3939,
 'item_scraped_count': 2569,
 'items_per_minute': None,
 'log_count/ERROR': 2,
 'log_count/INFO': 85,
 'log_count/WARNING': 2,
 'memusage/max': 635052032,
 'memusage/startup': 258719744,
 'offsite/domains': 8,
 'offsite/filtered': 142,
 'request_depth_max': 106,
 'response_received_count': 3939,
 'responses_per_minute': None,
 'retry/count': 305,
 'retry/max_reached': 1,
 'retry/reason_count/404 Not Found': 305,
 'scheduler/dequeued': 4439,
 'scheduler/dequeued/memory': 4439,
 'scheduler/enqueued': 5944,
 'scheduler/enqueued/memory': 5944,
 'start_time': datetime.datetime(2025, 4, 7, 13, 43, 36, 697379, tzinfo=datetime.timezone.utc)}
2025-04-07 17:58:05,584 - scrapy.core.engine - INFO - Spider closed (shutdown)
