2025-04-24 02:02:12,989 [scrapy.addons] INFO: Enabled addons:
[]
2025-04-24 02:02:13,049 [scrapy.middleware] INFO: Enabled extensions:
['scrapy.extensions.corestats.CoreStats',
 'scrapy.extensions.memusage.MemoryUsage',
 'scrapy.extensions.feedexport.FeedExporter',
 'scrapy.extensions.logstats.LogStats']
2025-04-24 02:02:13,049 [scrapy.crawler] INFO: Overridden settings:
{'AUTOTHROTTLE_TARGET_CONCURRENCY': 128,
 'BOT_NAME': 'stocks_spider',
 'CONCURRENT_REQUESTS': 128,
 'LOG_LEVEL': 'INFO',
 'LOG_STDOUT': True,
 'NEWSPIDER_MODULE': 'stocks_spider.spiders.yahoo_finance_news_spider',
 'RANDOMIZE_DOWNLOAD_DELAY': False,
 'RETRY_HTTP_CODES': [500, 502, 503, 504, 522, 524, 408, 429, 400, 403, 404],
 'RETRY_TIMES': 3,
 'SPIDER_MODULES': ['stocks_spider.spiders'],
 'TELNETCONSOLE_ENABLED': False,
 'TWISTED_REACTOR': 'twisted.internet.asyncioreactor.AsyncioSelectorReactor',
 'USER_AGENT': 'Chrome/51.0.2704.64'}
2025-04-24 02:02:13,180 [scrapy.middleware] INFO: Enabled downloader middlewares:
['scrapy.downloadermiddlewares.offsite.OffsiteMiddleware',
 'scrapy.downloadermiddlewares.httpauth.HttpAuthMiddleware',
 'scrapy.downloadermiddlewares.downloadtimeout.DownloadTimeoutMiddleware',
 'scrapy.downloadermiddlewares.defaultheaders.DefaultHeadersMiddleware',
 'scrapy.downloadermiddlewares.useragent.UserAgentMiddleware',
 'scrapy.downloadermiddlewares.retry.RetryMiddleware',
 'scrapy.downloadermiddlewares.redirect.MetaRefreshMiddleware',
 'scrapy.downloadermiddlewares.httpcompression.HttpCompressionMiddleware',
 'scrapy.downloadermiddlewares.redirect.RedirectMiddleware',
 'scrapy.downloadermiddlewares.cookies.CookiesMiddleware',
 'stocks_spider.middlewares.PersistentDuplicateFilterMiddleware',
 'scrapy.downloadermiddlewares.httpproxy.HttpProxyMiddleware',
 'scrapy.downloadermiddlewares.stats.DownloaderStats']
2025-04-24 02:02:13,181 [scrapy.middleware] INFO: Enabled spider middlewares:
['scrapy.spidermiddlewares.httperror.HttpErrorMiddleware',
 'scrapy.spidermiddlewares.referer.RefererMiddleware',
 'scrapy.spidermiddlewares.urllength.UrlLengthMiddleware',
 'scrapy.spidermiddlewares.depth.DepthMiddleware']
2025-04-24 02:02:13,181 [scrapy.middleware] INFO: Enabled item pipelines:
[]
2025-04-24 02:02:13,181 [scrapy.core.engine] INFO: Spider opened
2025-04-24 02:02:13,184 [scrapy.extensions.logstats] INFO: Crawled 0 pages (at 0 pages/min), scraped 0 items (at 0 items/min)
2025-04-24 02:02:13,249 [PersistentDuplicateFilterMiddleware] INFO: Loaded 1 seen 'url' values from 2 files
2025-04-24 02:02:13,250 [scrapy-playwright] INFO: Starting download handler
2025-04-24 02:02:13,250 [scrapy-playwright] INFO: Starting download handler
2025-04-24 02:02:13,434 [scrapy-playwright] INFO: Launching 1 startup context(s)
2025-04-24 02:02:13,434 [scrapy-playwright] INFO: Launching browser chromium
2025-04-24 02:02:13,441 [scrapy-playwright] INFO: Launching 1 startup context(s)
2025-04-24 02:02:13,441 [scrapy-playwright] INFO: Launching browser chromium
2025-04-24 02:02:13,520 [scrapy-playwright] INFO: Browser chromium launched
2025-04-24 02:02:13,523 [scrapy-playwright] INFO: Browser chromium launched
2025-04-24 02:02:13,528 [scrapy-playwright] INFO: Startup context(s) launched
2025-04-24 02:02:13,530 [scrapy-playwright] INFO: Startup context(s) launched
