2025-04-24 02:00:59,277 [scrapy.addons] INFO: Enabled addons:
[]
2025-04-24 02:00:59,948 [twisted] CRITICAL: Unhandled error in Deferred:
2025-04-24 02:00:59,949 [twisted] CRITICAL: 
Traceback (most recent call last):
  File "/home/blaxovios/scrapy_stocks_spider/venv/lib/python3.12/site-packages/twisted/internet/defer.py", line 2017, in _inlineCallbacks
    result = context.run(gen.send, result)
             ^^^^^^^^^^^^^^^^^^^^^^^^^^^^^
  File "/home/blaxovios/scrapy_stocks_spider/venv/lib/python3.12/site-packages/scrapy/crawler.py", line 150, in crawl
    self._apply_settings()
  File "/home/blaxovios/scrapy_stocks_spider/venv/lib/python3.12/site-packages/scrapy/crawler.py", line 130, in _apply_settings
    self.extensions = ExtensionManager.from_crawler(self)
                      ^^^^^^^^^^^^^^^^^^^^^^^^^^^^^^^^^^^
  File "/home/blaxovios/scrapy_stocks_spider/venv/lib/python3.12/site-packages/scrapy/middleware.py", line 77, in from_crawler
    return cls._from_settings(crawler.settings, crawler)
           ^^^^^^^^^^^^^^^^^^^^^^^^^^^^^^^^^^^^^^^^^^^^^
  File "/home/blaxovios/scrapy_stocks_spider/venv/lib/python3.12/site-packages/scrapy/middleware.py", line 88, in _from_settings
    mw = build_from_crawler(mwcls, crawler)
         ^^^^^^^^^^^^^^^^^^^^^^^^^^^^^^^^^^
  File "/home/blaxovios/scrapy_stocks_spider/venv/lib/python3.12/site-packages/scrapy/utils/misc.py", line 187, in build_from_crawler
    instance = objcls.from_crawler(crawler, *args, **kwargs)  # type: ignore[attr-defined]
               ^^^^^^^^^^^^^^^^^^^^^^^^^^^^^^^^^^^^^^^^^^^^^
  File "/home/blaxovios/scrapy_stocks_spider/venv/lib/python3.12/site-packages/scrapy/extensions/feedexport.py", line 432, in from_crawler
    exporter = cls(crawler)
               ^^^^^^^^^^^^
  File "/home/blaxovios/scrapy_stocks_spider/venv/lib/python3.12/site-packages/scrapy/extensions/feedexport.py", line 478, in __init__
    self.exporters: dict[str, type[BaseItemExporter]] = self._load_components(
                                                        ^^^^^^^^^^^^^^^^^^^^^^
  File "/home/blaxovios/scrapy_stocks_spider/venv/lib/python3.12/site-packages/scrapy/extensions/feedexport.py", line 648, in _load_components
    d[k] = load_object(v)
           ^^^^^^^^^^^^^^
  File "/home/blaxovios/scrapy_stocks_spider/venv/lib/python3.12/site-packages/scrapy/utils/misc.py", line 71, in load_object
    mod = import_module(module)
          ^^^^^^^^^^^^^^^^^^^^^
  File "/usr/lib/python3.12/importlib/__init__.py", line 90, in import_module
    return _bootstrap._gcd_import(name[level:], package, level)
           ^^^^^^^^^^^^^^^^^^^^^^^^^^^^^^^^^^^^^^^^^^^^^^^^^^^^
  File "<frozen importlib._bootstrap>", line 1387, in _gcd_import
  File "<frozen importlib._bootstrap>", line 1360, in _find_and_load
  File "<frozen importlib._bootstrap>", line 1310, in _find_and_load_unlocked
  File "<frozen importlib._bootstrap>", line 488, in _call_with_frames_removed
  File "<frozen importlib._bootstrap>", line 1387, in _gcd_import
  File "<frozen importlib._bootstrap>", line 1360, in _find_and_load
  File "<frozen importlib._bootstrap>", line 1324, in _find_and_load_unlocked
ModuleNotFoundError: No module named 'yahoo_finance_news_spider'
